(0000) 4000  0100000000000000 (   8)                 .ORIG x4000
(4000) 2C68  0010110001101000 (  11)                 LD    R6 Stack
(4001) 2068  0010000001101000 (  15) start           LD    R0 KBIEN
(4002) B068  1011000001101000 (  16)                 STI   R0 KBSR
(4003) 2073  0010000001110011 (  21)                 LD    R0 Check2600
(4004) B067  1011000001100111 (  22)                 STI   R0 KBIVE
(4005) A067  1010000001100111 (  27) loop            LDI   R0 Get4600
(4006) 05FE  0000010111111110 (  28)                 BRZ   loop
(4007) F021  1111000000100001 (  29)                 TRAP  x21
(4008) 5260  0101001001100000 (  30)                 AND   R1 R1 #0
(4009) B263  1011001001100011 (  31)                 STI   R1 Get4600
(400A) 1DBF  0001110110111111 (  33)                 ADD   R6 R6 #-1
(400B) 7180  0111000110000000 (  34)                 STR   R0 R6 #0
(400C) 6580  0110010110000000 (  37) STATE_A         LDR   R2 R6 #0
(400D) 2664  0010011001100100 (  38)                 LD    R3 Compliment_A
(400E) 16C2  0001011011000010 (  39)                 ADD   R3 R3 R2
(400F) 0401  0000010000000001 (  40)                 BRZ   STATE_AU
(4010) 0FF4  0000111111110100 (  41)                 BRNZP loop
(4011) A05B  1010000001011011 (  43) STATE_AU        LDI   R0 Get4600
(4012) 05FE  0000010111111110 (  44)                 BRZ   STATE_AU
(4013) F021  1111000000100001 (  45)                 TRAP  x21
(4014) 5260  0101001001100000 (  46)                 AND   R1 R1 #0
(4015) B257  1011001001010111 (  47)                 STI   R1 Get4600
(4016) 1DBF  0001110110111111 (  49)                 ADD   R6 R6 #-1
(4017) 7180  0111000110000000 (  50)                 STR   R0 R6 #0
(4018) 6580  0110010110000000 (  52)                 LDR   R2 R6 #0
(4019) 2659  0010011001011001 (  53)                 LD    R3 Compliment_U
(401A) 16C2  0001011011000010 (  54)                 ADD   R3 R3 R2
(401B) 0404  0000010000000100 (  55)                 BRZ   STATE_AUG
(401C) 2655  0010011001010101 (  57)                 LD    R3 Compliment_A
(401D) 16C2  0001011011000010 (  58)                 ADD   R3 R3 R2
(401E) 05ED  0000010111101101 (  59)                 BRZ   STATE_A
(401F) 0FE5  0000111111100101 (  60)                 BRNZP loop
(4020) A04C  1010000001001100 (  62) STATE_AUG       LDI   R0 Get4600
(4021) 05FE  0000010111111110 (  63)                 BRZ   STATE_AUG
(4022) F021  1111000000100001 (  64)                 TRAP  x21
(4023) 5260  0101001001100000 (  65)                 AND   R1 R1 #0
(4024) B248  1011001001001000 (  66)                 STI   R1 Get4600
(4025) 1DBF  0001110110111111 (  68)                 ADD   R6 R6 #-1
(4026) 7180  0111000110000000 (  69)                 STR   R0 R6 #0
(4027) 6580  0110010110000000 (  71)                 LDR   R2 R6 #0
(4028) 264B  0010011001001011 (  72)                 LD    R3 Compliment_G
(4029) 16C2  0001011011000010 (  73)                 ADD   R3 R3 R2
(402A) 0404  0000010000000100 (  74)                 BRZ   PasteBar
(402B) 2646  0010011001000110 (  76)                 LD    R3 Compliment_A
(402C) 16C2  0001011011000010 (  77)                 ADD   R3 R3 R2
(402D) 05DE  0000010111011110 (  78)                 BRZ   STATE_A
(402E) 0FD6  0000111111010110 (  79)                 BRNZP loop
(402F) 2046  0010000001000110 (  82) PasteBar        LD    R0 Pipe
(4030) F021  1111000000100001 (  83)                 TRAP  x21
(4031) 0E00  0000111000000000 (  84)                 BRNZP State_U
(4032) A03A  1010000000111010 (  87) State_U         LDI   R0 Get4600
(4033) 05FE  0000010111111110 (  88)                 BRZ   State_U
(4034) F021  1111000000100001 (  89)                 TRAP  x21
(4035) 5260  0101001001100000 (  90)                 AND   R1 R1 #0
(4036) B236  1011001000110110 (  91)                 STI   R1 Get4600
(4037) 1DBF  0001110110111111 (  93)                 ADD   R6 R6 #-1
(4038) 7180  0111000110000000 (  94)                 STR   R0 R6 #0
(4039) 6580  0110010110000000 (  96)                 LDR   R2 R6 #0
(403A) 2638  0010011000111000 (  97)                 LD    R3 Compliment_U
(403B) 16C2  0001011011000010 (  98)                 ADD   R3 R3 R2
(403C) 0401  0000010000000001 (  99)                 BRZ   State_UA
(403D) 0FF4  0000111111110100 ( 100)                 BRNZP State_U
(403E) A02E  1010000000101110 ( 103) State_UA        LDI   R0 Get4600
(403F) 05FE  0000010111111110 ( 104)                 BRZ   State_UA
(4040) F021  1111000000100001 ( 105)                 TRAP  x21
(4041) 5260  0101001001100000 ( 106)                 AND   R1 R1 #0
(4042) B22A  1011001000101010 ( 107)                 STI   R1 Get4600
(4043) 1DBF  0001110110111111 ( 109)                 ADD   R6 R6 #-1
(4044) 7180  0111000110000000 ( 110)                 STR   R0 R6 #0
(4045) 6580  0110010110000000 ( 112)                 LDR   R2 R6 #0
(4046) 262B  0010011000101011 ( 113)                 LD    R3 Compliment_A
(4047) 16C2  0001011011000010 ( 114)                 ADD   R3 R3 R2
(4048) 0404  0000010000000100 ( 115)                 BRZ   State_UAG
(4049) 262A  0010011000101010 ( 117)                 LD    R3 Compliment_G
(404A) 16C2  0001011011000010 ( 118)                 ADD   R3 R3 R2
(404B) 0410  0000010000010000 ( 119)                 BRZ   State_UGA
(404C) 0FF1  0000111111110001 ( 120)                 BRNZP State_UA
(404D) A01F  1010000000011111 ( 123) State_UAG       LDI   R0 Get4600
(404E) 05FE  0000010111111110 ( 124)                 BRZ   State_UAG
(404F) F021  1111000000100001 ( 125)                 TRAP  x21
(4050) 5260  0101001001100000 ( 126)                 AND   R1 R1 #0
(4051) B21B  1011001000011011 ( 127)                 STI   R1 Get4600
(4052) 1DBF  0001110110111111 ( 129)                 ADD   R6 R6 #-1
(4053) 7180  0111000110000000 ( 130)                 STR   R0 R6 #0
(4054) 6580  0110010110000000 ( 132)                 LDR   R2 R6 #0
(4055) 261E  0010011000011110 ( 133)                 LD    R3 Compliment_G
(4056) 16C2  0001011011000010 ( 134)                 ADD   R3 R3 R2
(4057) 0410  0000010000010000 ( 135)                 BRZ   END
(4058) 2619  0010011000011001 ( 137)                 LD    R3 Compliment_A
(4059) 16C2  0001011011000010 ( 138)                 ADD   R3 R3 R2
(405A) 040D  0000010000001101 ( 139)                 BRZ   END
(405B) 0FD6  0000111111010110 ( 140)                 BRNZP State_U
(405C) A010  1010000000010000 ( 143) State_UGA       LDI   R0 Get4600
(405D) 05FE  0000010111111110 ( 144)                 BRZ   State_UGA
(405E) F021  1111000000100001 ( 145)                 TRAP  x21
(405F) 5260  0101001001100000 ( 146)                 AND   R1 R1 #0
(4060) B20C  1011001000001100 ( 147)                 STI   R1 Get4600
(4061) 1DBF  0001110110111111 ( 149)                 ADD   R6 R6 #-1
(4062) 7180  0111000110000000 ( 150)                 STR   R0 R6 #0
(4063) 6580  0110010110000000 ( 152)                 LDR   R2 R6 #0
(4064) 260D  0010011000001101 ( 153)                 LD    R3 Compliment_A
(4065) 16C2  0001011011000010 ( 154)                 ADD   R3 R3 R2
(4066) 0401  0000010000000001 ( 155)                 BRZ   END
(4067) 0FD6  0000111111010110 ( 156)                 BRNZP State_UA
(4068) F025  1111000000100101 ( 158) END             TRAP  x25
(4069) 4000  0100000000000000 ( 161) Stack           .FILL x4000
(406A) 4000  0100000000000000 ( 162) KBIEN           .FILL x4000
(406B) FE00  1111111000000000 ( 163) KBSR            .FILL xFE00
(406C) 0180  0000000110000000 ( 164) KBIVE           .FILL x0180
(406D) 4600  0100011000000000 ( 165) Get4600         .FILL x4600
(406E) 0041  0000000001000001 ( 167) Ascii_A         .FILL x0041
(406F) 0055  0000000001010101 ( 168) Ascii_U         .FILL x0055
(4070) 0047  0000000001000111 ( 169) Ascii_G         .FILL x0047
(4071) 0043  0000000001000011 ( 170) Ascii_C         .FILL x0043
(4072) FFBF  1111111110111111 ( 172) Compliment_A    .FILL xFFBF
(4073) FFAB  1111111110101011 ( 173) Compliment_U    .FILL xFFAB
(4074) FFB9  1111111110111001 ( 174) Compliment_G    .FILL xFFB9
(4075) FFBD  1111111110111101 ( 175) Compliment_C    .FILL xFFBD
(4076) 007C  0000000001111100 ( 177) Pipe            .FILL x007C
(4077) 2600  0010011000000000 ( 179) Check2600       .FILL x2600
